
  You can now view your Streamlit app in your browser.

  URL: http://0.0.0.0:8501

2026-05-12 08:35:49.199 Uncaught app execution
Traceback (most recent call last):
  File "/agentspaces/.local/share/mise/installs/python/3.13.12/lib/python3.13/site-packages/streamlit/runtime/scriptrunner/exec_code.py", line 121, in exec_func_with_error_handling
    result = func()
  File "/agentspaces/.local/share/mise/installs/python/3.13.12/lib/python3.13/site-packages/streamlit/runtime/scriptrunner/script_runner.py", line 645, in code_to_exec
    exec(code, module.__dict__)
    ~~~~^^^^^^^^^^^^^^^^^^^^^^^
  File "/home/badasha/.workspace/ramp-predictor-v2/app.py", line 89, in <module>
    training_rows, audit_data = load_data(str(kyc_file), str(audit_file))
                                ~~~~~~~~~^^^^^^^^^^^^^^^^^^^^^^^^^^^^^^^^
  File "/agentspaces/.local/share/mise/installs/python/3.13.12/lib/python3.13/site-packages/streamlit/runtime/caching/cache_utils.py", line 219, in __call__
    return self._get_or_create_cached_value(args, kwargs, spinner_message)
           ~~~~~~~~~~~~~~~~~~~~~~~~~~~~~~~~^^^^^^^^^^^^^^^^^^^^^^^^^^^^^^^
  File "/agentspaces/.local/share/mise/installs/python/3.13.12/lib/python3.13/site-packages/streamlit/runtime/caching/cache_utils.py", line 261, in _get_or_create_cached_value
    return self._handle_cache_miss(cache, value_key, func_args, func_kwargs)
           ~~~~~~~~~~~~~~~~~~~~~~~^^^^^^^^^^^^^^^^^^^^^^^^^^^^^^^^^^^^^^^^^^
  File "/agentspaces/.local/share/mise/installs/python/3.13.12/lib/python3.13/site-packages/streamlit/runtime/caching/cache_utils.py", line 326, in _handle_cache_miss
    cache.write_result(value_key, computed_value, messages)
    ~~~~~~~~~~~~~~~~~~^^^^^^^^^^^^^^^^^^^^^^^^^^^^^^^^^^^^^
  File "/agentspaces/.local/share/mise/installs/python/3.13.12/lib/python3.13/site-packages/streamlit/runtime/metrics_util.py", line 444, in wrapped_func
    result = non_optional_func(*args, **kwargs)
  File "/agentspaces/.local/share/mise/installs/python/3.13.12/lib/python3.13/site-packages/streamlit/runtime/caching/cache_data_api.py", line 656, in write_result
    pickled_entry = pickle.dumps(entry)
AttributeError: Can't get local object 'parse_audit_data.<locals>.<lambda>'
2026-05-12 09:14:37.948 Received event for non-watched file: /home/badasha/.workspace/ramp-predictor-v2/app.py
